<?xml version="1.0" encoding="UTF-8"?>
<!-- Generated by org.testng.reporters.JUnitReportReporter -->
<testsuite hostname="user-PC" name="test.DownloadingfileInSelenium" tests="1" failures="0" timestamp="27 Jun 2018 15:08:02 GMT" time="0.001" errors="1">
  <testcase name="OpenURL" time="0.001" classname="test.DownloadingfileInSelenium">
    <error type="org.openqa.selenium.WebDriverException" message="Failed to connect to binary FirefoxBinary(C:\Program Files\Mozilla Firefox\firefox.exe) on port 7055; process output follows: 
ng&quot;,&quot;48&quot;:&quot;icon.png&quot;},&quot;iconURL&quot;:null,&quot;icon64URL&quot;:null,&quot;defaultLocale&quot;:{&quot;name&quot;:&quot;Default&quot;,&quot;description&quot;:&quot;The default theme.&quot;,&quot;creator&quot;:&quot;Mozilla&quot;,&quot;homepageURL&quot;:null,&quot;contributors&quot;:[&quot;Mozilla Contributors&quot;]},&quot;visible&quot;:true,&quot;active&quot;:true,&quot;userDisabled&quot;:false,&quot;appDisabled&quot;:false,&quot;descriptor&quot;:&quot;C:\\Program Files\\Mozilla Firefox\\browser\\extensions\\{972ce4c6-7e08-4474-a285-3208198ce6fd}.xpi&quot;,&quot;installDate&quot;:1466734942000,&quot;updateDate&quot;:1466734942000,&quot;applyBackgroundUpdates&quot;:1,&quot;skinnable&quot;:true,&quot;size&quot;:22012,&quot;sourceURI&quot;:null,&quot;releaseNotesURI&quot;:null,&quot;softDisabled&quot;:false,&quot;foreignInstall&quot;:false,&quot;hasBinaryComponents&quot;:false,&quot;strictCompatibility&quot;:true,&quot;locales&quot;:[],&quot;targetApplications&quot;:[{&quot;id&quot;:&quot;{ec8030f7-c20a-464f-9b0e-13a3a9e97384}&quot;,&quot;minVersion&quot;:&quot;47.0.1&quot;,&quot;maxVersion&quot;:&quot;47.0.1&quot;}],&quot;targetPlatforms&quot;:[],&quot;seen&quot;:true}
1530112038025	addons.xpi	DEBUG	getModTime: Recursive scan of {972ce4c6-7e08-4474-a285-3208198ce6fd}
1530112038026	DeferredSave.extensions.json	DEBUG	Save changes
1530112038026	addons.xpi	DEBUG	Updating database with changes to installed add-ons
1530112038026	addons.xpi-utils	DEBUG	Updating add-on states
1530112038027	addons.xpi-utils	DEBUG	Writing add-ons list
1530112038031	addons.xpi	DEBUG	Registering manifest for C:\Program Files\Mozilla Firefox\browser\features\e10srollout@mozilla.org.xpi
1530112038032	addons.xpi	DEBUG	Calling bootstrap method startup on e10srollout@mozilla.org version 1.0
1530112038032	addons.xpi	DEBUG	Registering manifest for C:\Program Files\Mozilla Firefox\browser\features\firefox@getpocket.com.xpi
1530112038033	addons.xpi	DEBUG	Calling bootstrap method startup on firefox@getpocket.com version 1.0.2
1530112038034	addons.xpi	DEBUG	Registering manifest for C:\Program Files\Mozilla Firefox\browser\features\loop@mozilla.org.xpi
1530112038035	addons.xpi	DEBUG	Calling bootstrap method startup on loop@mozilla.org version 1.3.2
1530112038059	addons.manager	DEBUG	Registering shutdown blocker for XPIProvider
1530112038059	addons.manager	DEBUG	Provider finished startup: XPIProvider
1530112038059	addons.manager	DEBUG	Starting provider: LightweightThemeManager
1530112038059	addons.manager	DEBUG	Registering shutdown blocker for LightweightThemeManager
1530112038060	addons.manager	DEBUG	Provider finished startup: LightweightThemeManager
1530112038060	addons.manager	DEBUG	Starting provider: GMPProvider
1530112038068	addons.manager	DEBUG	Registering shutdown blocker for GMPProvider
1530112038068	addons.manager	DEBUG	Provider finished startup: GMPProvider
1530112038068	addons.manager	DEBUG	Starting provider: PluginProvider
1530112038068	addons.manager	DEBUG	Registering shutdown blocker for PluginProvider
1530112038069	addons.manager	DEBUG	Provider finished startup: PluginProvider
1530112038069	addons.manager	DEBUG	Completed startup sequence
[GFX1]: Potential driver version mismatch ignored due to missing DLLs 0.0.0.0 and 0.0.0.0
Crash Annotation GraphicsCriticalError: |[0][GFX1]: D3D11 device creation failed: 0x887a0004 (t=4.87275) [GFX1]: D3D11 device creation failed: 0x887a0004
1530112039352	DeferredSave.extensions.json	DEBUG	Starting write
1530112039360	addons.manager	DEBUG	Starting provider: &lt;unnamed-provider&gt;
1530112039360	addons.manager	DEBUG	Registering shutdown blocker for &lt;unnamed-provider&gt;
1530112039360	addons.manager	DEBUG	Provider finished startup: &lt;unnamed-provider&gt;
1530112039665	addons.repository	DEBUG	No addons.json found.
1530112039666	DeferredSave.addons.json	DEBUG	Save changes
1530112039670	DeferredSave.addons.json	DEBUG	Starting timer
1530112039700	addons.manager	DEBUG	Starting provider: PreviousExperimentProvider
1530112039700	addons.manager	DEBUG	Registering shutdown blocker for PreviousExperimentProvider
1530112039700	addons.manager	DEBUG	Provider finished startup: PreviousExperimentProvider
1530112039703	DeferredSave.extensions.json	DEBUG	Write succeeded
1530112039704	addons.xpi-utils	DEBUG	XPI Database saved, setting schema version preference to 17
1530112039742	DeferredSave.addons.json	DEBUG	Starting write
1530112039754	DeferredSave.addons.json	DEBUG	Write succeeded

Build info: version: &#039;2.53.0&#039;, revision: &#039;35ae25b&#039;, time: &#039;2016-03-15 16:57:40&#039;
System info: host: &#039;user-PC&#039;, ip: &#039;192.168.0.101&#039;, os.name: &#039;Windows 7&#039;, os.arch: &#039;x86&#039;, os.version: &#039;6.1&#039;, java.version: &#039;1.8.0_151&#039;
Driver info: driver.version: FirefoxDriver">
      <![CDATA[org.openqa.selenium.WebDriverException: Failed to connect to binary FirefoxBinary(C:\Program Files\Mozilla Firefox\firefox.exe) on port 7055; process output follows: 
ng","48":"icon.png"},"iconURL":null,"icon64URL":null,"defaultLocale":{"name":"Default","description":"The default theme.","creator":"Mozilla","homepageURL":null,"contributors":["Mozilla Contributors"]},"visible":true,"active":true,"userDisabled":false,"appDisabled":false,"descriptor":"C:\\Program Files\\Mozilla Firefox\\browser\\extensions\\{972ce4c6-7e08-4474-a285-3208198ce6fd}.xpi","installDate":1466734942000,"updateDate":1466734942000,"applyBackgroundUpdates":1,"skinnable":true,"size":22012,"sourceURI":null,"releaseNotesURI":null,"softDisabled":false,"foreignInstall":false,"hasBinaryComponents":false,"strictCompatibility":true,"locales":[],"targetApplications":[{"id":"{ec8030f7-c20a-464f-9b0e-13a3a9e97384}","minVersion":"47.0.1","maxVersion":"47.0.1"}],"targetPlatforms":[],"seen":true}
1530112038025	addons.xpi	DEBUG	getModTime: Recursive scan of {972ce4c6-7e08-4474-a285-3208198ce6fd}
1530112038026	DeferredSave.extensions.json	DEBUG	Save changes
1530112038026	addons.xpi	DEBUG	Updating database with changes to installed add-ons
1530112038026	addons.xpi-utils	DEBUG	Updating add-on states
1530112038027	addons.xpi-utils	DEBUG	Writing add-ons list
1530112038031	addons.xpi	DEBUG	Registering manifest for C:\Program Files\Mozilla Firefox\browser\features\e10srollout@mozilla.org.xpi
1530112038032	addons.xpi	DEBUG	Calling bootstrap method startup on e10srollout@mozilla.org version 1.0
1530112038032	addons.xpi	DEBUG	Registering manifest for C:\Program Files\Mozilla Firefox\browser\features\firefox@getpocket.com.xpi
1530112038033	addons.xpi	DEBUG	Calling bootstrap method startup on firefox@getpocket.com version 1.0.2
1530112038034	addons.xpi	DEBUG	Registering manifest for C:\Program Files\Mozilla Firefox\browser\features\loop@mozilla.org.xpi
1530112038035	addons.xpi	DEBUG	Calling bootstrap method startup on loop@mozilla.org version 1.3.2
1530112038059	addons.manager	DEBUG	Registering shutdown blocker for XPIProvider
1530112038059	addons.manager	DEBUG	Provider finished startup: XPIProvider
1530112038059	addons.manager	DEBUG	Starting provider: LightweightThemeManager
1530112038059	addons.manager	DEBUG	Registering shutdown blocker for LightweightThemeManager
1530112038060	addons.manager	DEBUG	Provider finished startup: LightweightThemeManager
1530112038060	addons.manager	DEBUG	Starting provider: GMPProvider
1530112038068	addons.manager	DEBUG	Registering shutdown blocker for GMPProvider
1530112038068	addons.manager	DEBUG	Provider finished startup: GMPProvider
1530112038068	addons.manager	DEBUG	Starting provider: PluginProvider
1530112038068	addons.manager	DEBUG	Registering shutdown blocker for PluginProvider
1530112038069	addons.manager	DEBUG	Provider finished startup: PluginProvider
1530112038069	addons.manager	DEBUG	Completed startup sequence
[GFX1]: Potential driver version mismatch ignored due to missing DLLs 0.0.0.0 and 0.0.0.0
Crash Annotation GraphicsCriticalError: |[0][GFX1]: D3D11 device creation failed: 0x887a0004 (t=4.87275) [GFX1]: D3D11 device creation failed: 0x887a0004
1530112039352	DeferredSave.extensions.json	DEBUG	Starting write
1530112039360	addons.manager	DEBUG	Starting provider: <unnamed-provider>
1530112039360	addons.manager	DEBUG	Registering shutdown blocker for <unnamed-provider>
1530112039360	addons.manager	DEBUG	Provider finished startup: <unnamed-provider>
1530112039665	addons.repository	DEBUG	No addons.json found.
1530112039666	DeferredSave.addons.json	DEBUG	Save changes
1530112039670	DeferredSave.addons.json	DEBUG	Starting timer
1530112039700	addons.manager	DEBUG	Starting provider: PreviousExperimentProvider
1530112039700	addons.manager	DEBUG	Registering shutdown blocker for PreviousExperimentProvider
1530112039700	addons.manager	DEBUG	Provider finished startup: PreviousExperimentProvider
1530112039703	DeferredSave.extensions.json	DEBUG	Write succeeded
1530112039704	addons.xpi-utils	DEBUG	XPI Database saved, setting schema version preference to 17
1530112039742	DeferredSave.addons.json	DEBUG	Starting write
1530112039754	DeferredSave.addons.json	DEBUG	Write succeeded

Build info: version: '2.53.0', revision: '35ae25b', time: '2016-03-15 16:57:40'
System info: host: 'user-PC', ip: '192.168.0.101', os.name: 'Windows 7', os.arch: 'x86', os.version: '6.1', java.version: '1.8.0_151'
Driver info: driver.version: FirefoxDriver
	at org.openqa.selenium.firefox.internal.NewProfileExtensionConnection.start(NewProfileExtensionConnection.java:124)
	at org.openqa.selenium.firefox.FirefoxDriver.startClient(FirefoxDriver.java:271)
	at org.openqa.selenium.remote.RemoteWebDriver.<init>(RemoteWebDriver.java:119)
	at org.openqa.selenium.firefox.FirefoxDriver.<init>(FirefoxDriver.java:218)
	at org.openqa.selenium.firefox.FirefoxDriver.<init>(FirefoxDriver.java:211)
	at org.openqa.selenium.firefox.FirefoxDriver.<init>(FirefoxDriver.java:207)
	at org.openqa.selenium.firefox.FirefoxDriver.<init>(FirefoxDriver.java:124)
	at test.DownloadingfileInSelenium.StartBrowser(DownloadingfileInSelenium.java:66)
	at sun.reflect.NativeMethodAccessorImpl.invoke0(Native Method)
	at sun.reflect.NativeMethodAccessorImpl.invoke(Unknown Source)
	at sun.reflect.DelegatingMethodAccessorImpl.invoke(Unknown Source)
	at java.lang.reflect.Method.invoke(Unknown Source)
	at org.testng.internal.MethodInvocationHelper.invokeMethod(MethodInvocationHelper.java:85)
	at org.testng.internal.Invoker.invokeConfigurationMethod(Invoker.java:510)
	at org.testng.internal.Invoker.invokeConfigurations(Invoker.java:211)
	at org.testng.internal.Invoker.invokeConfigurations(Invoker.java:138)
	at org.testng.TestRunner.beforeRun(TestRunner.java:648)
	at org.testng.TestRunner.run(TestRunner.java:616)
	at org.testng.SuiteRunner.runTest(SuiteRunner.java:359)
	at org.testng.SuiteRunner.runSequentially(SuiteRunner.java:354)
	at org.testng.SuiteRunner.privateRun(SuiteRunner.java:312)
	at org.testng.SuiteRunner.run(SuiteRunner.java:261)
	at org.testng.SuiteRunnerWorker.runSuite(SuiteRunnerWorker.java:52)
	at org.testng.SuiteRunnerWorker.run(SuiteRunnerWorker.java:86)
	at org.testng.TestNG.runSuitesSequentially(TestNG.java:1215)
	at org.testng.TestNG.runSuitesLocally(TestNG.java:1140)
	at org.testng.TestNG.run(TestNG.java:1048)
	at org.testng.remote.AbstractRemoteTestNG.run(AbstractRemoteTestNG.java:114)
	at org.testng.remote.RemoteTestNG.initAndRun(RemoteTestNG.java:251)
	at org.testng.remote.RemoteTestNG.main(RemoteTestNG.java:77)
Caused by: org.openqa.selenium.firefox.NotConnectedException: Unable to connect to host 127.0.0.1 on port 7055 after 45000 ms. Firefox console output:
ng","48":"icon.png"},"iconURL":null,"icon64URL":null,"defaultLocale":{"name":"Default","description":"The default theme.","creator":"Mozilla","homepageURL":null,"contributors":["Mozilla Contributors"]},"visible":true,"active":true,"userDisabled":false,"appDisabled":false,"descriptor":"C:\\Program Files\\Mozilla Firefox\\browser\\extensions\\{972ce4c6-7e08-4474-a285-3208198ce6fd}.xpi","installDate":1466734942000,"updateDate":1466734942000,"applyBackgroundUpdates":1,"skinnable":true,"size":22012,"sourceURI":null,"releaseNotesURI":null,"softDisabled":false,"foreignInstall":false,"hasBinaryComponents":false,"strictCompatibility":true,"locales":[],"targetApplications":[{"id":"{ec8030f7-c20a-464f-9b0e-13a3a9e97384}","minVersion":"47.0.1","maxVersion":"47.0.1"}],"targetPlatforms":[],"seen":true}
1530112038025	addons.xpi	DEBUG	getModTime: Recursive scan of {972ce4c6-7e08-4474-a285-3208198ce6fd}
1530112038026	DeferredSave.extensions.json	DEBUG	Save changes
1530112038026	addons.xpi	DEBUG	Updating database with changes to installed add-ons
1530112038026	addons.xpi-utils	DEBUG	Updating add-on states
1530112038027	addons.xpi-utils	DEBUG	Writing add-ons list
1530112038031	addons.xpi	DEBUG	Registering manifest for C:\Program Files\Mozilla Firefox\browser\features\e10srollout@mozilla.org.xpi
1530112038032	addons.xpi	DEBUG	Calling bootstrap method startup on e10srollout@mozilla.org version 1.0
1530112038032	addons.xpi	DEBUG	Registering manifest for C:\Program Files\Mozilla Firefox\browser\features\firefox@getpocket.com.xpi
1530112038033	addons.xpi	DEBUG	Calling bootstrap method startup on firefox@getpocket.com version 1.0.2
1530112038034	addons.xpi	DEBUG	Registering manifest for C:\Program Files\Mozilla Firefox\browser\features\loop@mozilla.org.xpi
1530112038035	addons.xpi	DEBUG	Calling bootstrap method startup on loop@mozilla.org version 1.3.2
1530112038059	addons.manager	DEBUG	Registering shutdown blocker for XPIProvider
1530112038059	addons.manager	DEBUG	Provider finished startup: XPIProvider
1530112038059	addons.manager	DEBUG	Starting provider: LightweightThemeManager
1530112038059	addons.manager	DEBUG	Registering shutdown blocker for LightweightThemeManager
1530112038060	addons.manager	DEBUG	Provider finished startup: LightweightThemeManager
1530112038060	addons.manager	DEBUG	Starting provider: GMPProvider
1530112038068	addons.manager	DEBUG	Registering shutdown blocker for GMPProvider
1530112038068	addons.manager	DEBUG	Provider finished startup: GMPProvider
1530112038068	addons.manager	DEBUG	Starting provider: PluginProvider
1530112038068	addons.manager	DEBUG	Registering shutdown blocker for PluginProvider
1530112038069	addons.manager	DEBUG	Provider finished startup: PluginProvider
1530112038069	addons.manager	DEBUG	Completed startup sequence
[GFX1]: Potential driver version mismatch ignored due to missing DLLs 0.0.0.0 and 0.0.0.0
Crash Annotation GraphicsCriticalError: |[0][GFX1]: D3D11 device creation failed: 0x887a0004 (t=4.87275) [GFX1]: D3D11 device creation failed: 0x887a0004
1530112039352	DeferredSave.extensions.json	DEBUG	Starting write
1530112039360	addons.manager	DEBUG	Starting provider: <unnamed-provider>
1530112039360	addons.manager	DEBUG	Registering shutdown blocker for <unnamed-provider>
1530112039360	addons.manager	DEBUG	Provider finished startup: <unnamed-provider>
1530112039665	addons.repository	DEBUG	No addons.json found.
1530112039666	DeferredSave.addons.json	DEBUG	Save changes
1530112039670	DeferredSave.addons.json	DEBUG	Starting timer
1530112039700	addons.manager	DEBUG	Starting provider: PreviousExperimentProvider
1530112039700	addons.manager	DEBUG	Registering shutdown blocker for PreviousExperimentProvider
1530112039700	addons.manager	DEBUG	Provider finished startup: PreviousExperimentProvider
1530112039703	DeferredSave.extensions.json	DEBUG	Write succeeded
1530112039704	addons.xpi-utils	DEBUG	XPI Database saved, setting schema version preference to 17
1530112039742	DeferredSave.addons.json	DEBUG	Starting write
1530112039754	DeferredSave.addons.json	DEBUG	Write succeeded

	at org.openqa.selenium.firefox.internal.NewProfileExtensionConnection.start(NewProfileExtensionConnection.java:112)
	... 29 more
]]>
    </error>
  </testcase> <!-- OpenURL -->
</testsuite> <!-- test.DownloadingfileInSelenium -->
