<?xml version="1.0" encoding="UTF-8"?>
<!-- Generated by org.testng.reporters.JUnitReportReporter -->
<testsuite hostname="user-PC" name="test.Retrycode" tests="1" failures="0" timestamp="1 Jul 2018 16:43:48 GMT" time="15.040" errors="0">
  <testcase name="retry" time="15.040" classname="test.Retrycode"/>
</testsuite> <!-- test.Retrycode -->
