<?xml version="1.0" encoding="UTF-8"?>
<!-- Generated by org.testng.reporters.JUnitReportReporter -->
<testsuite hostname="user-PC" name="test.Autoitupload" tests="1" failures="0" timestamp="30 Jun 2018 08:02:46 GMT" time="39.573" errors="0">
  <testcase name="testUpload" time="39.573" classname="test.Autoitupload"/>
</testsuite> <!-- test.Autoitupload -->
