<?xml version="1.0" encoding="UTF-8"?>
<!-- Generated by org.testng.reporters.JUnitReportReporter -->
<testsuite hostname="user-PC" name="test.Annotationc1" tests="1" failures="0" timestamp="23 Oct 2018 18:45:48 GMT" time="0.012" errors="0">
  <testcase name="c2f3" time="0.012" classname="test.Annotationc1"/>
</testsuite> <!-- test.Annotationc1 -->
