<?xml version="1.0" encoding="UTF-8"?>
<!-- Generated by org.testng.reporters.JUnitReportReporter -->
<testsuite hostname="user-PC" name="test.Annotationc2" tests="5" failures="0" timestamp="23 Oct 2018 18:39:33 GMT" time="0.017" errors="0">
  <testcase name="c2f1" time="0.004" classname="test.Annotationc2"/>
  <testcase name="c1f1" time="0.006" classname="test.Annotationc2"/>
  <testcase name="c1f2" time="0.002" classname="test.Annotationc2"/>
  <testcase name="c2f3" time="0.003" classname="test.Annotationc2"/>
  <testcase name="c2f2" time="0.002" classname="test.Annotationc2"/>
</testsuite> <!-- test.Annotationc2 -->
